{
  "RSpec": {
    "coverage": {
      "/home/virta/Ohjelmistotuotanto/miniprojekti/Will-Code-For-Booze/app/helpers/application_helper.rb": [
        1,
        null
      ],
      "/home/virta/Ohjelmistotuotanto/miniprojekti/Will-Code-For-Booze/app/helpers/articles_helper.rb": [
        1,
        null
      ],
      "/home/virta/Ohjelmistotuotanto/miniprojekti/Will-Code-For-Booze/app/helpers/books_helper.rb": [
        1,
        null
      ],
      "/home/virta/Ohjelmistotuotanto/miniprojekti/Will-Code-For-Booze/app/helpers/inproceedings_helper.rb": [
        1,
        null
      ],
      "/home/virta/Ohjelmistotuotanto/miniprojekti/Will-Code-For-Booze/app/helpers/references_helper.rb": [
        1,
        null
      ],
      "/home/virta/Ohjelmistotuotanto/miniprojekti/Will-Code-For-Booze/app/models/article.rb": [
        1,
        null,
        1,
        1,
        1,
        1,
        null,
        null,
        null
      ],
      "/home/virta/Ohjelmistotuotanto/miniprojekti/Will-Code-For-Booze/app/models/reference.rb": [
        1,
        null,
        1,
        null,
        1,
        1,
        null,
        null,
        1,
        9,
        9,
        9,
        9,
        9,
        0,
        null,
        9,
        null,
        null,
        1,
        null,
        6,
        null,
        6,
        6,
        null,
        null,
        6,
        6,
        null,
        6,
        6,
        null,
        null,
        6,
        2,
        null,
        6,
        6,
        null,
        6,
        2,
        null,
        6,
        0,
        null,
        6,
        0,
        null,
        6,
        0,
        null,
        6,
        0,
        null,
        6,
        0,
        null,
        6,
        0,
        null,
        6,
        0,
        null,
        6,
        4,
        null,
        6,
        0,
        null,
        6,
        0,
        null,
        6,
        0,
        null,
        6,
        0,
        null,
        6,
        0,
        null,
        6,
        0,
        null,
        6,
        0,
        null,
        6,
        0,
        null,
        6,
        0,
        null,
        null,
        6,
        0,
        null,
        null,
        6,
        0,
        null,
        6,
        0,
        null,
        6,
        6,
        null,
        null,
        null,
        null,
        null,
        null,
        null,
        null,
        null,
        null,
        null,
        null,
        null,
        null,
        null,
        null,
        null,
        null,
        null,
        null,
        null,
        null,
        null,
        null,
        null,
        null,
        null,
        null,
        null,
        null,
        null
      ],
      "/home/virta/Ohjelmistotuotanto/miniprojekti/Will-Code-For-Booze/lib/scand_generator.rb": [
        1,
        1,
        7,
        null,
        null
      ],
      "/home/virta/Ohjelmistotuotanto/miniprojekti/Will-Code-For-Booze/app/models/book.rb": [
        1,
        1,
        1,
        1,
        null
      ],
      "/home/virta/Ohjelmistotuotanto/miniprojekti/Will-Code-For-Booze/app/models/inproceeding.rb": [
        1,
        null,
        1,
        1,
        1,
        1,
        null,
        null,
        null
      ],
      "/home/virta/Ohjelmistotuotanto/miniprojekti/Will-Code-For-Booze/app/controllers/references_controller.rb": [
        1,
        1,
        null,
        1,
        58,
        null,
        null,
        1,
        3,
        null,
        null,
        null,
        null,
        null,
        null,
        1,
        1,
        1,
        1,
        2,
        null,
        1,
        null,
        null,
        1,
        null,
        null,
        1,
        6,
        null,
        null,
        1,
        3,
        3,
        3,
        6,
        3,
        null,
        null,
        null,
        null,
        null,
        null,
        null,
        null,
        null,
        null,
        null,
        null,
        null,
        null,
        null,
        null,
        null,
        null,
        null
      ],
      "/home/virta/Ohjelmistotuotanto/miniprojekti/Will-Code-For-Booze/app/controllers/application_controller.rb": [
        1,
        null,
        null,
        1,
        null
      ],
      "/home/virta/Ohjelmistotuotanto/miniprojekti/Will-Code-For-Booze/app/controllers/books_controller.rb": [
        1,
        1,
        null,
        null,
        null,
        null,
        null,
        null,
        null,
        null,
        null,
        1,
        null,
        null,
        null,
        1,
        11,
        null,
        null,
        null,
        1,
        null,
        null,
        null,
        null,
        1,
        11,
        11,
        11,
        11,
        9,
        null,
        2,
        null,
        null,
        null,
        1,
        14,
        2,
        null,
        null,
        null,
        null,
        null,
        null,
        null,
        null,
        null,
        null,
        null,
        null,
        null,
        null,
        null,
        null,
        null,
        null,
        1,
        3,
        3,
        3,
        4,
        2,
        null,
        2,
        1,
        null,
        null,
        null,
        null,
        null,
        null,
        null,
        null,
        null,
        null,
        null,
        null,
        null,
        null,
        1,
        null,
        1,
        6,
        null,
        null,
        null,
        1,
        14,
        null,
        null,
        null
      ],
      "/home/virta/Ohjelmistotuotanto/miniprojekti/Will-Code-For-Booze/app/controllers/inproceedings_controller.rb": [
        1,
        1,
        null,
        null,
        null,
        null,
        null,
        1,
        null,
        null,
        1,
        8,
        null,
        null,
        1,
        3,
        null,
        null,
        1,
        9,
        null,
        null,
        1,
        3,
        3,
        3,
        4,
        2,
        null,
        2,
        1,
        null,
        null,
        null,
        null,
        1,
        6,
        null,
        6,
        6,
        6,
        null,
        5,
        null,
        null,
        1,
        null,
        null,
        null,
        null,
        1,
        9,
        5,
        null,
        null,
        null,
        1,
        9,
        null,
        null,
        null,
        null,
        null,
        null
      ],
      "/home/virta/Ohjelmistotuotanto/miniprojekti/Will-Code-For-Booze/app/controllers/articles_controller.rb": [
        1,
        1,
        null,
        null,
        null,
        null,
        null,
        null,
        null,
        null,
        null,
        1,
        null,
        null,
        null,
        1,
        9,
        null,
        null,
        null,
        1,
        null,
        null,
        null,
        null,
        1,
        8,
        8,
        8,
        null,
        8,
        7,
        null,
        1,
        null,
        null,
        null,
        1,
        11,
        2,
        null,
        null,
        null,
        null,
        null,
        1,
        3,
        3,
        3,
        4,
        2,
        null,
        2,
        1,
        null,
        null,
        null,
        null,
        null,
        null,
        null,
        null,
        null,
        null,
        null,
        null,
        null,
        null,
        1,
        null,
        1,
        7,
        null,
        null,
        null,
        1,
        11,
        null,
        null,
        null
      ]
    },
    "timestamp": 1397665325
  }
}
